2024-07-31 05:02:19 - Created directory for snapshot: 202407310502
2024-07-31 05:02:19 - Starting capture of https://cse.lk/
2024-07-31 05:02:35 - Completed capture of https://cse.lk/
2024-07-31 05:02:35 - Failed to add 202407310502 to staging
2024-07-31 05:03:14 - Created directory for snapshot: 202407310503
2024-07-31 05:03:14 - Starting capture of https://cse.lk/
2024-07-31 05:03:30 - Completed capture of https://cse.lk/
2024-07-31 05:03:30 - Added 202407310503 to staging area
2024-07-31 05:03:30 - Committed changes for snapshot on 202407310503
2024-07-31 05:03:30 - Push to remote failed
2024-07-31 05:07:10 - Created directory for snapshot: 202407310507
2024-07-31 05:07:10 - Starting capture of https://cse.lk/
2024-07-31 05:07:27 - Completed capture of https://cse.lk/
2024-07-31 05:07:27 - Added 202407310507 to staging area
2024-07-31 05:07:27 - Committed changes for snapshot on 202407310507
2024-07-31 05:07:27 - Pushed changes to remote repository
2024-07-31 05:07:27 - Script completed successfully
2024-07-31 05:08:05 - Created directory for snapshot: 202407310508
2024-07-31 05:08:05 - Starting capture of https://cse.lk/
2024-07-31 05:08:22 - Completed capture of https://cse.lk/
2024-07-31 05:08:22 - Added 202407310508 to staging area
2024-07-31 05:08:22 - Committed changes for snapshot on 202407310508
2024-07-31 05:08:22 - Pushed changes to remote repository
2024-07-31 05:08:22 - Script completed successfully
2024-07-31 05:30:01 - Created directory for snapshot: 202407310530
2024-07-31 05:30:01 - Starting capture of https://cse.lk/
2024-07-31 05:30:18 - Completed capture of https://cse.lk/
2024-07-31 05:30:18 - Added 202407310530 to staging area
2024-07-31 05:30:18 - Committed changes for snapshot on 202407310530
2024-07-31 05:30:18 - Pushed changes to remote repository
2024-07-31 05:30:18 - Script completed successfully
2024-07-31 05:45:01 - Created directory for snapshot: 202407310545
2024-07-31 05:45:01 - Starting capture of https://cse.lk/
2024-07-31 05:45:18 - Completed capture of https://cse.lk/
2024-07-31 05:45:18 - Added 202407310545 to staging area
2024-07-31 05:45:18 - Committed changes for snapshot on 202407310545
2024-07-31 05:45:18 - Pushed changes to remote repository
2024-07-31 05:45:18 - Script completed successfully
2024-07-31 06:00:02 - Created directory for snapshot: 202407310600
2024-07-31 06:00:02 - Starting capture of https://cse.lk/
2024-07-31 06:00:18 - Completed capture of https://cse.lk/
